This file contains any messages produced by compilers while
running configure, to aid debugging if configure makes a mistake.

It was created by HLA configure 3.5, which was
generated by GNU Autoconf 2.63.  Invocation command line was

  $ ./configure 

## --------- ##
## Platform. ##
## --------- ##

hostname = log-bd-t1
uname -m = x86_64
uname -r = 2.6.32-358.el6.x86_64
uname -s = Linux
uname -v = #1 SMP Tue Jan 29 11:47:41 EST 2013

/usr/bin/uname -p = unknown
/bin/uname -X     = unknown

/bin/arch              = x86_64
/usr/bin/arch -k       = unknown
/usr/convex/getsysinfo = unknown
/usr/bin/hostinfo      = unknown
/bin/machine           = unknown
/usr/bin/oslevel       = unknown
/bin/universe          = unknown

PATH: /home/petri/tuxedo/tuxedo11gR1/bin
PATH: /usr/java/jdk1.6.0_45/bin
PATH: /data/vnode_hb/cloud/bin
PATH: /data/vnode_hb/cloud/../ofcs/bin
PATH: /usr/lib64/qt-3.3/bin
PATH: /usr/local/bin
PATH: /bin
PATH: /usr/bin
PATH: /usr/local/sbin
PATH: /usr/sbin
PATH: /sbin
PATH: /app/hbhome/bin
PATH: /app/hbhome/vnode/cloud/bin
PATH: .
PATH: /data/oracle/product/11.2.0/client_1/lib
PATH: /data/oracle/product/11.2.0/client_1/bin
PATH: /app/hbhome/abmclnt/deploy/bin
PATH: /data/mysqlhb/mysql-5.6.24-rh/bin
PATH: /data/mysqlhb/mysql-5.6.24-rh/scripts
PATH: /app/lmgrhome/soft/hadoop-2.6.2/sbin
PATH: /app/lmgrhome/soft/hadoop-2.6.2/bin
PATH: .
PATH: /data/oracle/product/11.2.0/client_1/bin
PATH: /app/hbhome/PETRI_HOME/bin
PATH: /app/hbhome/PETRI_HOME/etc
PATH: .
PATH: .
PATH: /app/hbhome/petri_tools/cmake/bin


## ----------- ##
## Core tests. ##
## ----------- ##

configure:2084: checking for a BSD-compatible install
configure:2152: result: /usr/bin/install -c
configure:2163: checking whether build environment is sane
configure:2223: result: yes
configure:2364: checking for a thread-safe mkdir -p
configure:2403: result: /bin/mkdir -p
configure:2416: checking for gawk
configure:2432: found /bin/gawk
configure:2443: result: gawk
configure:2454: checking whether make sets $(MAKE)
configure:2476: result: yes
configure:2617: checking for g++
configure:2633: found /usr/bin/g++
configure:2644: result: g++
configure:2671: checking for C++ compiler version
configure:2679: g++ --version >&5
g++ (GCC) 4.4.7 20120313 (Red Hat 4.4.7-3)
Copyright (C) 2010 Free Software Foundation, Inc.
This is free software; see the source for copying conditions.  There is NO
warranty; not even for MERCHANTABILITY or FITNESS FOR A PARTICULAR PURPOSE.

configure:2683: $? = 0
configure:2690: g++ -v >&5
Using built-in specs.
Target: x86_64-redhat-linux
Configured with: ../configure --prefix=/usr --mandir=/usr/share/man --infodir=/usr/share/info --with-bugurl=http://bugzilla.redhat.com/bugzilla --enable-bootstrap --enable-shared --enable-threads=posix --enable-checking=release --with-system-zlib --enable-__cxa_atexit --disable-libunwind-exceptions --enable-gnu-unique-object --enable-languages=c,c++,objc,obj-c++,java,fortran,ada --enable-java-awt=gtk --disable-dssi --with-java-home=/usr/lib/jvm/java-1.5.0-gcj-1.5.0.0/jre --enable-libgcj-multifile --enable-java-maintainer-mode --with-ecj-jar=/usr/share/java/eclipse-ecj.jar --disable-libjava-multilib --with-ppl --with-cloog --with-tune=generic --with-arch_32=i686 --build=x86_64-redhat-linux
Thread model: posix
gcc version 4.4.7 20120313 (Red Hat 4.4.7-3) (GCC) 
configure:2694: $? = 0
configure:2701: g++ -V >&5
g++: '-V' option must have argument
configure:2705: $? = 1
configure:2728: checking for C++ compiler default output file name
configure:2750: g++    conftest.cpp  >&5
configure:2754: $? = 0
configure:2792: result: a.out
configure:2811: checking whether the C++ compiler works
configure:2821: ./a.out
configure:2825: $? = 0
configure:2844: result: yes
configure:2851: checking whether we are cross compiling
configure:2853: result: no
configure:2856: checking for suffix of executables
configure:2863: g++ -o conftest    conftest.cpp  >&5
configure:2867: $? = 0
configure:2893: result: 
configure:2899: checking for suffix of object files
configure:2925: g++ -c   conftest.cpp >&5
configure:2929: $? = 0
configure:2954: result: o
configure:2958: checking whether we are using the GNU C++ compiler
configure:2987: g++ -c   conftest.cpp >&5
configure:2994: $? = 0
configure:3011: result: yes
configure:3020: checking whether g++ accepts -g
configure:3050: g++ -c -g  conftest.cpp >&5
configure:3057: $? = 0
configure:3158: result: yes
configure:3192: checking for style of include used by make
configure:3220: result: GNU
configure:3245: checking dependency style of g++
configure:3355: result: gcc3
configure:3374: checking for gawk
configure:3401: result: gawk
configure:3460: checking for gcc
configure:3476: found /usr/bin/gcc
configure:3487: result: gcc
configure:3719: checking for C compiler version
configure:3727: gcc --version >&5
gcc (GCC) 4.4.7 20120313 (Red Hat 4.4.7-3)
Copyright (C) 2010 Free Software Foundation, Inc.
This is free software; see the source for copying conditions.  There is NO
warranty; not even for MERCHANTABILITY or FITNESS FOR A PARTICULAR PURPOSE.

configure:3731: $? = 0
configure:3738: gcc -v >&5
Using built-in specs.
Target: x86_64-redhat-linux
Configured with: ../configure --prefix=/usr --mandir=/usr/share/man --infodir=/usr/share/info --with-bugurl=http://bugzilla.redhat.com/bugzilla --enable-bootstrap --enable-shared --enable-threads=posix --enable-checking=release --with-system-zlib --enable-__cxa_atexit --disable-libunwind-exceptions --enable-gnu-unique-object --enable-languages=c,c++,objc,obj-c++,java,fortran,ada --enable-java-awt=gtk --disable-dssi --with-java-home=/usr/lib/jvm/java-1.5.0-gcj-1.5.0.0/jre --enable-libgcj-multifile --enable-java-maintainer-mode --with-ecj-jar=/usr/share/java/eclipse-ecj.jar --disable-libjava-multilib --with-ppl --with-cloog --with-tune=generic --with-arch_32=i686 --build=x86_64-redhat-linux
Thread model: posix
gcc version 4.4.7 20120313 (Red Hat 4.4.7-3) (GCC) 
configure:3742: $? = 0
configure:3749: gcc -V >&5
gcc: '-V' option must have argument
configure:3753: $? = 1
configure:3756: checking whether we are using the GNU C compiler
configure:3785: gcc -c   conftest.c >&5
configure:3792: $? = 0
configure:3809: result: yes
configure:3818: checking whether gcc accepts -g
configure:3848: gcc -c -g  conftest.c >&5
configure:3855: $? = 0
configure:3956: result: yes
configure:3973: checking for gcc option to accept ISO C89
configure:4047: gcc  -c -g -O2  conftest.c >&5
configure:4054: $? = 0
configure:4077: result: none needed
configure:4097: checking dependency style of gcc
configure:4207: result: gcc3
configure:4227: checking how to run the C preprocessor
configure:4267: gcc -E  conftest.c
configure:4274: $? = 0
configure:4305: gcc -E  conftest.c
conftest.c:10:28: error: ac_nonexistent.h: No such file or directory
configure:4312: $? = 1
configure: failed program was:
| /* confdefs.h.  */
| #define PACKAGE_NAME "HLA"
| #define PACKAGE_TARNAME "hla"
| #define PACKAGE_VERSION "3.5"
| #define PACKAGE_STRING "HLA 3.5"
| #define PACKAGE_BUGREPORT "customer-service@asiainfo.com"
| #define PACKAGE "HLA"
| #define VERSION "3.5"
| /* end confdefs.h.  */
| #include <ac_nonexistent.h>
configure:4345: result: gcc -E
configure:4374: gcc -E  conftest.c
configure:4381: $? = 0
configure:4412: gcc -E  conftest.c
conftest.c:10:28: error: ac_nonexistent.h: No such file or directory
configure:4419: $? = 1
configure: failed program was:
| /* confdefs.h.  */
| #define PACKAGE_NAME "HLA"
| #define PACKAGE_TARNAME "hla"
| #define PACKAGE_VERSION "3.5"
| #define PACKAGE_STRING "HLA 3.5"
| #define PACKAGE_BUGREPORT "customer-service@asiainfo.com"
| #define PACKAGE "HLA"
| #define VERSION "3.5"
| /* end confdefs.h.  */
| #include <ac_nonexistent.h>
configure:4472: checking for a BSD-compatible install
configure:4540: result: /usr/bin/install -c
configure:4551: checking whether ln -s works
configure:4555: result: yes
configure:4562: checking whether make sets $(MAKE)
configure:4584: result: yes
configure:4636: checking for ranlib
configure:4652: found /usr/bin/ranlib
configure:4663: result: ranlib
configure:4716: checking build system type
configure:4734: result: x86_64-unknown-linux-gnu
configure:4756: checking host system type
configure:4771: result: x86_64-unknown-linux-gnu
configure:4793: checking for a sed that does not truncate output
configure:4859: result: /bin/sed
configure:4877: checking for grep that handles long lines and -e
configure:4937: result: /bin/grep
configure:4942: checking for egrep
configure:5006: result: /bin/grep -E
configure:5011: checking for fgrep
configure:5075: result: /bin/grep -F
configure:5110: checking for ld used by gcc
configure:5177: result: /usr/bin/ld
configure:5186: checking if the linker (/usr/bin/ld) is GNU ld
configure:5201: result: yes
configure:5213: checking for BSD- or MS-compatible name lister (nm)
configure:5262: result: /usr/bin/nm -B
configure:5380: checking the name lister (/usr/bin/nm -B) interface
configure:5387: gcc -c -g -O2  conftest.c >&5
configure:5390: /usr/bin/nm -B "conftest.o"
configure:5393: output
0000000000000000 B some_variable
configure:5400: result: BSD nm
configure:5404: checking the maximum length of command line arguments
configure:5524: result: 1966080
configure:5541: checking whether the shell understands some XSI constructs
configure:5551: result: yes
configure:5555: checking whether the shell understands "+="
configure:5561: result: yes
configure:5596: checking for /usr/bin/ld option to reload object files
configure:5603: result: -r
configure:5672: checking for objdump
configure:5688: found /usr/bin/objdump
configure:5699: result: objdump
configure:5731: checking how to recognize dependent libraries
configure:5927: result: pass_all
configure:5987: checking for ar
configure:6003: found /usr/bin/ar
configure:6014: result: ar
configure:6092: checking for strip
configure:6108: found /usr/bin/strip
configure:6119: result: strip
configure:6191: checking for ranlib
configure:6218: result: ranlib
configure:6308: checking command to parse /usr/bin/nm -B output from gcc object
configure:6426: gcc -c -g -O2  conftest.c >&5
configure:6429: $? = 0
configure:6433: /usr/bin/nm -B conftest.o \| sed -n -e 's/^.*[	 ]\([ABCDGIRSTW][ABCDGIRSTW]*\)[	 ][	 ]*\([_A-Za-z][_A-Za-z0-9]*\)$/\1 \2 \2/p' \> conftest.nm
configure:6436: $? = 0
configure:6490: gcc -o conftest -g -O2   conftest.c conftstm.o >&5
configure:6493: $? = 0
configure:6531: result: ok
configure:6627: gcc -c -g -O2  conftest.c >&5
configure:6630: $? = 0
configure:7394: checking for ANSI C header files
configure:7424: gcc -c -g -O2  conftest.c >&5
configure:7431: $? = 0
configure:7530: gcc -o conftest -g -O2   conftest.c  >&5
configure:7534: $? = 0
configure:7540: ./conftest
configure:7544: $? = 0
configure:7562: result: yes
configure:7586: checking for sys/types.h
configure:7607: gcc -c -g -O2  conftest.c >&5
configure:7614: $? = 0
configure:7631: result: yes
configure:7586: checking for sys/stat.h
configure:7607: gcc -c -g -O2  conftest.c >&5
configure:7614: $? = 0
configure:7631: result: yes
configure:7586: checking for stdlib.h
configure:7607: gcc -c -g -O2  conftest.c >&5
configure:7614: $? = 0
configure:7631: result: yes
configure:7586: checking for string.h
configure:7607: gcc -c -g -O2  conftest.c >&5
configure:7614: $? = 0
configure:7631: result: yes
configure:7586: checking for memory.h
configure:7607: gcc -c -g -O2  conftest.c >&5
configure:7614: $? = 0
configure:7631: result: yes
configure:7586: checking for strings.h
configure:7607: gcc -c -g -O2  conftest.c >&5
configure:7614: $? = 0
configure:7631: result: yes
configure:7586: checking for inttypes.h
configure:7607: gcc -c -g -O2  conftest.c >&5
configure:7614: $? = 0
configure:7631: result: yes
configure:7586: checking for stdint.h
configure:7607: gcc -c -g -O2  conftest.c >&5
configure:7614: $? = 0
configure:7631: result: yes
configure:7586: checking for unistd.h
configure:7607: gcc -c -g -O2  conftest.c >&5
configure:7614: $? = 0
configure:7631: result: yes
configure:7649: checking for dlfcn.h
configure:7670: gcc -c -g -O2  conftest.c >&5
configure:7677: $? = 0
configure:7694: result: yes
configure:7821: checking for C++ compiler version
configure:7829: g++ --version >&5
g++ (GCC) 4.4.7 20120313 (Red Hat 4.4.7-3)
Copyright (C) 2010 Free Software Foundation, Inc.
This is free software; see the source for copying conditions.  There is NO
warranty; not even for MERCHANTABILITY or FITNESS FOR A PARTICULAR PURPOSE.

configure:7833: $? = 0
configure:7840: g++ -v >&5
Using built-in specs.
Target: x86_64-redhat-linux
Configured with: ../configure --prefix=/usr --mandir=/usr/share/man --infodir=/usr/share/info --with-bugurl=http://bugzilla.redhat.com/bugzilla --enable-bootstrap --enable-shared --enable-threads=posix --enable-checking=release --with-system-zlib --enable-__cxa_atexit --disable-libunwind-exceptions --enable-gnu-unique-object --enable-languages=c,c++,objc,obj-c++,java,fortran,ada --enable-java-awt=gtk --disable-dssi --with-java-home=/usr/lib/jvm/java-1.5.0-gcj-1.5.0.0/jre --enable-libgcj-multifile --enable-java-maintainer-mode --with-ecj-jar=/usr/share/java/eclipse-ecj.jar --disable-libjava-multilib --with-ppl --with-cloog --with-tune=generic --with-arch_32=i686 --build=x86_64-redhat-linux
Thread model: posix
gcc version 4.4.7 20120313 (Red Hat 4.4.7-3) (GCC) 
configure:7844: $? = 0
configure:7851: g++ -V >&5
g++: '-V' option must have argument
configure:7855: $? = 1
configure:7858: checking whether we are using the GNU C++ compiler
configure:7911: result: yes
configure:7920: checking whether g++ accepts -g
configure:8058: result: yes
configure:8083: checking dependency style of g++
configure:8193: result: gcc3
configure:8216: checking how to run the C++ preprocessor
configure:8252: g++ -E  conftest.cpp
configure:8259: $? = 0
configure:8290: g++ -E  conftest.cpp
conftest.cpp:21:28: error: ac_nonexistent.h: No such file or directory
configure:8297: $? = 1
configure: failed program was:
| /* confdefs.h.  */
| #define PACKAGE_NAME "HLA"
| #define PACKAGE_TARNAME "hla"
| #define PACKAGE_VERSION "3.5"
| #define PACKAGE_STRING "HLA 3.5"
| #define PACKAGE_BUGREPORT "customer-service@asiainfo.com"
| #define PACKAGE "HLA"
| #define VERSION "3.5"
| #define STDC_HEADERS 1
| #define HAVE_SYS_TYPES_H 1
| #define HAVE_SYS_STAT_H 1
| #define HAVE_STDLIB_H 1
| #define HAVE_STRING_H 1
| #define HAVE_MEMORY_H 1
| #define HAVE_STRINGS_H 1
| #define HAVE_INTTYPES_H 1
| #define HAVE_STDINT_H 1
| #define HAVE_UNISTD_H 1
| #define HAVE_DLFCN_H 1
| /* end confdefs.h.  */
| #include <ac_nonexistent.h>
configure:8330: result: g++ -E
configure:8359: g++ -E  conftest.cpp
configure:8366: $? = 0
configure:8397: g++ -E  conftest.cpp
conftest.cpp:21:28: error: ac_nonexistent.h: No such file or directory
configure:8404: $? = 1
configure: failed program was:
| /* confdefs.h.  */
| #define PACKAGE_NAME "HLA"
| #define PACKAGE_TARNAME "hla"
| #define PACKAGE_VERSION "3.5"
| #define PACKAGE_STRING "HLA 3.5"
| #define PACKAGE_BUGREPORT "customer-service@asiainfo.com"
| #define PACKAGE "HLA"
| #define VERSION "3.5"
| #define STDC_HEADERS 1
| #define HAVE_SYS_TYPES_H 1
| #define HAVE_SYS_STAT_H 1
| #define HAVE_STDLIB_H 1
| #define HAVE_STRING_H 1
| #define HAVE_MEMORY_H 1
| #define HAVE_STRINGS_H 1
| #define HAVE_INTTYPES_H 1
| #define HAVE_STDINT_H 1
| #define HAVE_UNISTD_H 1
| #define HAVE_DLFCN_H 1
| /* end confdefs.h.  */
| #include <ac_nonexistent.h>
configure:8618: checking for objdir
configure:8633: result: .libs
configure:8925: checking if gcc supports -fno-rtti -fno-exceptions
configure:8943: gcc -c -g -O2  -fno-rtti -fno-exceptions conftest.c >&5
cc1: warning: command line option "-fno-rtti" is valid for C++/ObjC++ but not for C
configure:8947: $? = 0
configure:8960: result: no
configure:8980: checking for gcc option to produce PIC
configure:9252: result: -fPIC -DPIC
configure:9264: checking if gcc PIC flag -fPIC -DPIC works
configure:9282: gcc -c -g -O2  -fPIC -DPIC -DPIC conftest.c >&5
configure:9286: $? = 0
configure:9299: result: yes
configure:9323: checking if gcc static flag -static works
configure:9351: result: no
configure:9366: checking if gcc supports -c -o file.o
configure:9387: gcc -c -g -O2  -o out/conftest2.o conftest.c >&5
configure:9391: $? = 0
configure:9413: result: yes
configure:9421: checking if gcc supports -c -o file.o
configure:9468: result: yes
configure:9501: checking whether the gcc linker (/usr/bin/ld -m elf_x86_64) supports shared libraries
configure:10575: result: yes
configure:10612: checking whether -lc should be explicitly linked in
configure:10617: gcc -c -g -O2  conftest.c >&5
configure:10620: $? = 0
configure:10635: gcc -shared conftest.o  -v -Wl,-soname -Wl,conftest -o conftest 2\>\&1 \| /bin/grep  -lc  \>/dev/null 2\>\&1
configure:10638: $? = 0
configure:10650: result: no
configure:10814: checking dynamic linker characteristics
configure:11257: gcc -o conftest -g -O2   -Wl,-rpath -Wl,/foo conftest.c  >&5
configure:11264: $? = 0
configure:11500: result: GNU/Linux ld.so
configure:11602: checking how to hardcode library paths into programs
configure:11627: result: immediate
configure:12460: checking whether stripping libraries is possible
configure:12465: result: yes
configure:12500: checking if libtool supports shared libraries
configure:12502: result: yes
configure:12505: checking whether to build shared libraries
configure:12526: result: yes
configure:12529: checking whether to build static libraries
configure:12533: result: yes
configure:12683: checking for ld used by g++
configure:12750: result: /usr/bin/ld -m elf_x86_64
configure:12759: checking if the linker (/usr/bin/ld -m elf_x86_64) is GNU ld
configure:12774: result: yes
configure:12829: checking whether the g++ linker (/usr/bin/ld -m elf_x86_64) supports shared libraries
configure:13804: result: yes
configure:13832: g++ -c -g -O2  conftest.cpp >&5
configure:13835: $? = 0
configure:14017: checking for g++ option to produce PIC
configure:14334: result: -fPIC -DPIC
configure:14343: checking if g++ PIC flag -fPIC -DPIC works
configure:14361: g++ -c -g -O2  -fPIC -DPIC -DPIC conftest.cpp >&5
configure:14365: $? = 0
configure:14378: result: yes
configure:14399: checking if g++ static flag -static works
configure:14427: result: no
configure:14439: checking if g++ supports -c -o file.o
configure:14460: g++ -c -g -O2  -o out/conftest2.o conftest.cpp >&5
configure:14464: $? = 0
configure:14486: result: yes
configure:14491: checking if g++ supports -c -o file.o
configure:14538: result: yes
configure:14568: checking whether the g++ linker (/usr/bin/ld -m elf_x86_64) supports shared libraries
configure:14594: result: yes
configure:14731: checking dynamic linker characteristics
configure:15122: g++ -o conftest -g -O2   -Wl,-rpath -Wl,/foo conftest.cpp  >&5
configure:15129: $? = 0
configure:15365: result: GNU/Linux ld.so
configure:15416: checking how to hardcode library paths into programs
configure:15441: result: immediate
configure:15524: checking fcntl.h usability
configure:15541: gcc -c -g -O2  conftest.c >&5
configure:15548: $? = 0
configure:15562: result: yes
configure:15566: checking fcntl.h presence
configure:15581: gcc -E  conftest.c
configure:15588: $? = 0
configure:15602: result: yes
configure:15635: checking for fcntl.h
configure:15644: result: yes
configure:15513: checking for inttypes.h
configure:15520: result: yes
configure:15513: checking for stdint.h
configure:15520: result: yes
configure:15513: checking for stdlib.h
configure:15520: result: yes
configure:15513: checking for string.h
configure:15520: result: yes
configure:15524: checking sys/file.h usability
configure:15541: gcc -c -g -O2  conftest.c >&5
configure:15548: $? = 0
configure:15562: result: yes
configure:15566: checking sys/file.h presence
configure:15581: gcc -E  conftest.c
configure:15588: $? = 0
configure:15602: result: yes
configure:15635: checking for sys/file.h
configure:15644: result: yes
configure:15513: checking for unistd.h
configure:15520: result: yes
configure:15661: checking for stdbool.h that conforms to C99
configure:15756: gcc -c -g -O2  conftest.c >&5
configure:15763: $? = 0
configure:15778: result: yes
configure:15780: checking for _Bool
configure:15808: gcc -c -g -O2  conftest.c >&5
configure:15815: $? = 0
configure:15842: gcc -c -g -O2  conftest.c >&5
conftest.c: In function 'main':
conftest.c:65: error: expected expression before ')' token
configure:15849: $? = 1
configure: failed program was:
| /* confdefs.h.  */
| #define PACKAGE_NAME "HLA"
| #define PACKAGE_TARNAME "hla"
| #define PACKAGE_VERSION "3.5"
| #define PACKAGE_STRING "HLA 3.5"
| #define PACKAGE_BUGREPORT "customer-service@asiainfo.com"
| #define PACKAGE "HLA"
| #define VERSION "3.5"
| #define STDC_HEADERS 1
| #define HAVE_SYS_TYPES_H 1
| #define HAVE_SYS_STAT_H 1
| #define HAVE_STDLIB_H 1
| #define HAVE_STRING_H 1
| #define HAVE_MEMORY_H 1
| #define HAVE_STRINGS_H 1
| #define HAVE_INTTYPES_H 1
| #define HAVE_STDINT_H 1
| #define HAVE_UNISTD_H 1
| #define HAVE_DLFCN_H 1
| #define LT_OBJDIR ".libs/"
| #define HAVE_FCNTL_H 1
| #define HAVE_INTTYPES_H 1
| #define HAVE_STDINT_H 1
| #define HAVE_STDLIB_H 1
| #define HAVE_STRING_H 1
| #define HAVE_SYS_FILE_H 1
| #define HAVE_UNISTD_H 1
| /* end confdefs.h.  */
| #include <stdio.h>
| #ifdef HAVE_SYS_TYPES_H
| # include <sys/types.h>
| #endif
| #ifdef HAVE_SYS_STAT_H
| # include <sys/stat.h>
| #endif
| #ifdef STDC_HEADERS
| # include <stdlib.h>
| # include <stddef.h>
| #else
| # ifdef HAVE_STDLIB_H
| #  include <stdlib.h>
| # endif
| #endif
| #ifdef HAVE_STRING_H
| # if !defined STDC_HEADERS && defined HAVE_MEMORY_H
| #  include <memory.h>
| # endif
| # include <string.h>
| #endif
| #ifdef HAVE_STRINGS_H
| # include <strings.h>
| #endif
| #ifdef HAVE_INTTYPES_H
| # include <inttypes.h>
| #endif
| #ifdef HAVE_STDINT_H
| # include <stdint.h>
| #endif
| #ifdef HAVE_UNISTD_H
| # include <unistd.h>
| #endif
| int
| main ()
| {
| if (sizeof ((_Bool)))
| 	  return 0;
|   ;
|   return 0;
| }
configure:15872: result: yes
configure:15891: checking for inline
configure:15917: gcc -c -g -O2  conftest.c >&5
configure:15924: $? = 0
configure:15942: result: inline
configure:15962: checking for int64_t
configure:15993: gcc -c -g -O2  conftest.c >&5
configure:16000: $? = 0
configure:16029: gcc -c -g -O2  conftest.c >&5
conftest.c: In function 'main':
conftest.c:68: warning: integer overflow in expression
conftest.c:68: error: size of array 'test_array' is negative
configure:16036: $? = 1
configure: failed program was:
| /* confdefs.h.  */
| #define PACKAGE_NAME "HLA"
| #define PACKAGE_TARNAME "hla"
| #define PACKAGE_VERSION "3.5"
| #define PACKAGE_STRING "HLA 3.5"
| #define PACKAGE_BUGREPORT "customer-service@asiainfo.com"
| #define PACKAGE "HLA"
| #define VERSION "3.5"
| #define STDC_HEADERS 1
| #define HAVE_SYS_TYPES_H 1
| #define HAVE_SYS_STAT_H 1
| #define HAVE_STDLIB_H 1
| #define HAVE_STRING_H 1
| #define HAVE_MEMORY_H 1
| #define HAVE_STRINGS_H 1
| #define HAVE_INTTYPES_H 1
| #define HAVE_STDINT_H 1
| #define HAVE_UNISTD_H 1
| #define HAVE_DLFCN_H 1
| #define LT_OBJDIR ".libs/"
| #define HAVE_FCNTL_H 1
| #define HAVE_INTTYPES_H 1
| #define HAVE_STDINT_H 1
| #define HAVE_STDLIB_H 1
| #define HAVE_STRING_H 1
| #define HAVE_SYS_FILE_H 1
| #define HAVE_UNISTD_H 1
| #define HAVE__BOOL 1
| #define HAVE_STDBOOL_H 1
| /* end confdefs.h.  */
| #include <stdio.h>
| #ifdef HAVE_SYS_TYPES_H
| # include <sys/types.h>
| #endif
| #ifdef HAVE_SYS_STAT_H
| # include <sys/stat.h>
| #endif
| #ifdef STDC_HEADERS
| # include <stdlib.h>
| # include <stddef.h>
| #else
| # ifdef HAVE_STDLIB_H
| #  include <stdlib.h>
| # endif
| #endif
| #ifdef HAVE_STRING_H
| # if !defined STDC_HEADERS && defined HAVE_MEMORY_H
| #  include <memory.h>
| # endif
| # include <string.h>
| #endif
| #ifdef HAVE_STRINGS_H
| # include <strings.h>
| #endif
| #ifdef HAVE_INTTYPES_H
| # include <inttypes.h>
| #endif
| #ifdef HAVE_STDINT_H
| # include <stdint.h>
| #endif
| #ifdef HAVE_UNISTD_H
| # include <unistd.h>
| #endif
| int
| main ()
| {
| static int test_array [1 - 2 * !((int64_t) ((((int64_t) 1 << (64 - 2)) - 1) * 2 + 1)
| 		 < (int64_t) ((((int64_t) 1 << (64 - 2)) - 1) * 2 + 2))];
| test_array [0] = 0
| 
|   ;
|   return 0;
| }
configure:16065: result: yes
configure:16077: checking for mode_t
configure:16105: gcc -c -g -O2  conftest.c >&5
configure:16112: $? = 0
configure:16139: gcc -c -g -O2  conftest.c >&5
conftest.c: In function 'main':
conftest.c:67: error: expected expression before ')' token
configure:16146: $? = 1
configure: failed program was:
| /* confdefs.h.  */
| #define PACKAGE_NAME "HLA"
| #define PACKAGE_TARNAME "hla"
| #define PACKAGE_VERSION "3.5"
| #define PACKAGE_STRING "HLA 3.5"
| #define PACKAGE_BUGREPORT "customer-service@asiainfo.com"
| #define PACKAGE "HLA"
| #define VERSION "3.5"
| #define STDC_HEADERS 1
| #define HAVE_SYS_TYPES_H 1
| #define HAVE_SYS_STAT_H 1
| #define HAVE_STDLIB_H 1
| #define HAVE_STRING_H 1
| #define HAVE_MEMORY_H 1
| #define HAVE_STRINGS_H 1
| #define HAVE_INTTYPES_H 1
| #define HAVE_STDINT_H 1
| #define HAVE_UNISTD_H 1
| #define HAVE_DLFCN_H 1
| #define LT_OBJDIR ".libs/"
| #define HAVE_FCNTL_H 1
| #define HAVE_INTTYPES_H 1
| #define HAVE_STDINT_H 1
| #define HAVE_STDLIB_H 1
| #define HAVE_STRING_H 1
| #define HAVE_SYS_FILE_H 1
| #define HAVE_UNISTD_H 1
| #define HAVE__BOOL 1
| #define HAVE_STDBOOL_H 1
| /* end confdefs.h.  */
| #include <stdio.h>
| #ifdef HAVE_SYS_TYPES_H
| # include <sys/types.h>
| #endif
| #ifdef HAVE_SYS_STAT_H
| # include <sys/stat.h>
| #endif
| #ifdef STDC_HEADERS
| # include <stdlib.h>
| # include <stddef.h>
| #else
| # ifdef HAVE_STDLIB_H
| #  include <stdlib.h>
| # endif
| #endif
| #ifdef HAVE_STRING_H
| # if !defined STDC_HEADERS && defined HAVE_MEMORY_H
| #  include <memory.h>
| # endif
| # include <string.h>
| #endif
| #ifdef HAVE_STRINGS_H
| # include <strings.h>
| #endif
| #ifdef HAVE_INTTYPES_H
| # include <inttypes.h>
| #endif
| #ifdef HAVE_STDINT_H
| # include <stdint.h>
| #endif
| #ifdef HAVE_UNISTD_H
| # include <unistd.h>
| #endif
| int
| main ()
| {
| if (sizeof ((mode_t)))
| 	  return 0;
|   ;
|   return 0;
| }
configure:16169: result: yes
configure:16181: checking for off_t
configure:16209: gcc -c -g -O2  conftest.c >&5
configure:16216: $? = 0
configure:16243: gcc -c -g -O2  conftest.c >&5
conftest.c: In function 'main':
conftest.c:67: error: expected expression before ')' token
configure:16250: $? = 1
configure: failed program was:
| /* confdefs.h.  */
| #define PACKAGE_NAME "HLA"
| #define PACKAGE_TARNAME "hla"
| #define PACKAGE_VERSION "3.5"
| #define PACKAGE_STRING "HLA 3.5"
| #define PACKAGE_BUGREPORT "customer-service@asiainfo.com"
| #define PACKAGE "HLA"
| #define VERSION "3.5"
| #define STDC_HEADERS 1
| #define HAVE_SYS_TYPES_H 1
| #define HAVE_SYS_STAT_H 1
| #define HAVE_STDLIB_H 1
| #define HAVE_STRING_H 1
| #define HAVE_MEMORY_H 1
| #define HAVE_STRINGS_H 1
| #define HAVE_INTTYPES_H 1
| #define HAVE_STDINT_H 1
| #define HAVE_UNISTD_H 1
| #define HAVE_DLFCN_H 1
| #define LT_OBJDIR ".libs/"
| #define HAVE_FCNTL_H 1
| #define HAVE_INTTYPES_H 1
| #define HAVE_STDINT_H 1
| #define HAVE_STDLIB_H 1
| #define HAVE_STRING_H 1
| #define HAVE_SYS_FILE_H 1
| #define HAVE_UNISTD_H 1
| #define HAVE__BOOL 1
| #define HAVE_STDBOOL_H 1
| /* end confdefs.h.  */
| #include <stdio.h>
| #ifdef HAVE_SYS_TYPES_H
| # include <sys/types.h>
| #endif
| #ifdef HAVE_SYS_STAT_H
| # include <sys/stat.h>
| #endif
| #ifdef STDC_HEADERS
| # include <stdlib.h>
| # include <stddef.h>
| #else
| # ifdef HAVE_STDLIB_H
| #  include <stdlib.h>
| # endif
| #endif
| #ifdef HAVE_STRING_H
| # if !defined STDC_HEADERS && defined HAVE_MEMORY_H
| #  include <memory.h>
| # endif
| # include <string.h>
| #endif
| #ifdef HAVE_STRINGS_H
| # include <strings.h>
| #endif
| #ifdef HAVE_INTTYPES_H
| # include <inttypes.h>
| #endif
| #ifdef HAVE_STDINT_H
| # include <stdint.h>
| #endif
| #ifdef HAVE_UNISTD_H
| # include <unistd.h>
| #endif
| int
| main ()
| {
| if (sizeof ((off_t)))
| 	  return 0;
|   ;
|   return 0;
| }
configure:16273: result: yes
configure:16285: checking for size_t
configure:16313: gcc -c -g -O2  conftest.c >&5
configure:16320: $? = 0
configure:16347: gcc -c -g -O2  conftest.c >&5
conftest.c: In function 'main':
conftest.c:67: error: expected expression before ')' token
configure:16354: $? = 1
configure: failed program was:
| /* confdefs.h.  */
| #define PACKAGE_NAME "HLA"
| #define PACKAGE_TARNAME "hla"
| #define PACKAGE_VERSION "3.5"
| #define PACKAGE_STRING "HLA 3.5"
| #define PACKAGE_BUGREPORT "customer-service@asiainfo.com"
| #define PACKAGE "HLA"
| #define VERSION "3.5"
| #define STDC_HEADERS 1
| #define HAVE_SYS_TYPES_H 1
| #define HAVE_SYS_STAT_H 1
| #define HAVE_STDLIB_H 1
| #define HAVE_STRING_H 1
| #define HAVE_MEMORY_H 1
| #define HAVE_STRINGS_H 1
| #define HAVE_INTTYPES_H 1
| #define HAVE_STDINT_H 1
| #define HAVE_UNISTD_H 1
| #define HAVE_DLFCN_H 1
| #define LT_OBJDIR ".libs/"
| #define HAVE_FCNTL_H 1
| #define HAVE_INTTYPES_H 1
| #define HAVE_STDINT_H 1
| #define HAVE_STDLIB_H 1
| #define HAVE_STRING_H 1
| #define HAVE_SYS_FILE_H 1
| #define HAVE_UNISTD_H 1
| #define HAVE__BOOL 1
| #define HAVE_STDBOOL_H 1
| /* end confdefs.h.  */
| #include <stdio.h>
| #ifdef HAVE_SYS_TYPES_H
| # include <sys/types.h>
| #endif
| #ifdef HAVE_SYS_STAT_H
| # include <sys/stat.h>
| #endif
| #ifdef STDC_HEADERS
| # include <stdlib.h>
| # include <stddef.h>
| #else
| # ifdef HAVE_STDLIB_H
| #  include <stdlib.h>
| # endif
| #endif
| #ifdef HAVE_STRING_H
| # if !defined STDC_HEADERS && defined HAVE_MEMORY_H
| #  include <memory.h>
| # endif
| # include <string.h>
| #endif
| #ifdef HAVE_STRINGS_H
| # include <strings.h>
| #endif
| #ifdef HAVE_INTTYPES_H
| # include <inttypes.h>
| #endif
| #ifdef HAVE_STDINT_H
| # include <stdint.h>
| #endif
| #ifdef HAVE_UNISTD_H
| # include <unistd.h>
| #endif
| int
| main ()
| {
| if (sizeof ((size_t)))
| 	  return 0;
|   ;
|   return 0;
| }
configure:16377: result: yes
configure:16389: checking for ssize_t
configure:16417: gcc -c -g -O2  conftest.c >&5
configure:16424: $? = 0
configure:16451: gcc -c -g -O2  conftest.c >&5
conftest.c: In function 'main':
conftest.c:67: error: expected expression before ')' token
configure:16458: $? = 1
configure: failed program was:
| /* confdefs.h.  */
| #define PACKAGE_NAME "HLA"
| #define PACKAGE_TARNAME "hla"
| #define PACKAGE_VERSION "3.5"
| #define PACKAGE_STRING "HLA 3.5"
| #define PACKAGE_BUGREPORT "customer-service@asiainfo.com"
| #define PACKAGE "HLA"
| #define VERSION "3.5"
| #define STDC_HEADERS 1
| #define HAVE_SYS_TYPES_H 1
| #define HAVE_SYS_STAT_H 1
| #define HAVE_STDLIB_H 1
| #define HAVE_STRING_H 1
| #define HAVE_MEMORY_H 1
| #define HAVE_STRINGS_H 1
| #define HAVE_INTTYPES_H 1
| #define HAVE_STDINT_H 1
| #define HAVE_UNISTD_H 1
| #define HAVE_DLFCN_H 1
| #define LT_OBJDIR ".libs/"
| #define HAVE_FCNTL_H 1
| #define HAVE_INTTYPES_H 1
| #define HAVE_STDINT_H 1
| #define HAVE_STDLIB_H 1
| #define HAVE_STRING_H 1
| #define HAVE_SYS_FILE_H 1
| #define HAVE_UNISTD_H 1
| #define HAVE__BOOL 1
| #define HAVE_STDBOOL_H 1
| /* end confdefs.h.  */
| #include <stdio.h>
| #ifdef HAVE_SYS_TYPES_H
| # include <sys/types.h>
| #endif
| #ifdef HAVE_SYS_STAT_H
| # include <sys/stat.h>
| #endif
| #ifdef STDC_HEADERS
| # include <stdlib.h>
| # include <stddef.h>
| #else
| # ifdef HAVE_STDLIB_H
| #  include <stdlib.h>
| # endif
| #endif
| #ifdef HAVE_STRING_H
| # if !defined STDC_HEADERS && defined HAVE_MEMORY_H
| #  include <memory.h>
| # endif
| # include <string.h>
| #endif
| #ifdef HAVE_STRINGS_H
| # include <strings.h>
| #endif
| #ifdef HAVE_INTTYPES_H
| # include <inttypes.h>
| #endif
| #ifdef HAVE_STDINT_H
| # include <stdint.h>
| #endif
| #ifdef HAVE_UNISTD_H
| # include <unistd.h>
| #endif
| int
| main ()
| {
| if (sizeof ((ssize_t)))
| 	  return 0;
|   ;
|   return 0;
| }
configure:16481: result: yes
configure:16494: checking for uint16_t
configure:16525: gcc -c -g -O2  conftest.c >&5
configure:16532: $? = 0
configure:16553: result: yes
configure:16567: checking for uint32_t
configure:16598: gcc -c -g -O2  conftest.c >&5
configure:16605: $? = 0
configure:16626: result: yes
configure:16644: checking for uint8_t
configure:16675: gcc -c -g -O2  conftest.c >&5
configure:16682: $? = 0
configure:16703: result: yes
configure:16727: checking for stdlib.h
configure:16734: result: yes
configure:16873: checking for GNU libc compatible malloc
configure:16907: gcc -o conftest -g -O2   conftest.c  >&5
configure:16911: $? = 0
configure:16917: ./conftest
configure:16921: $? = 0
configure:16938: result: yes
configure:16972: checking for localtime_r
configure:17028: gcc -o conftest -g -O2   conftest.c  >&5
configure:17035: $? = 0
configure:17057: result: yes
configure:16972: checking for memset
configure:17028: gcc -o conftest -g -O2   conftest.c  >&5
conftest.c:57: warning: conflicting types for built-in function 'memset'
configure:17035: $? = 0
configure:17057: result: yes
configure:16972: checking for strrchr
configure:17028: gcc -o conftest -g -O2   conftest.c  >&5
conftest.c:58: warning: conflicting types for built-in function 'strrchr'
configure:17035: $? = 0
configure:17057: result: yes
configure:17210: creating ./config.status

## ---------------------- ##
## Running config.status. ##
## ---------------------- ##

This file was extended by HLA config.status 3.5, which was
generated by GNU Autoconf 2.63.  Invocation command line was

  CONFIG_FILES    = 
  CONFIG_HEADERS  = 
  CONFIG_LINKS    = 
  CONFIG_COMMANDS = 
  $ ./config.status 

on log-bd-t1

config.status:1060: creating Makefile
config.status:1060: creating src/Makefile
config.status:1060: creating config.h
config.status:1282: config.h is unchanged
config.status:1334: executing depfiles commands
config.status:1334: executing libtool commands

## ---------------- ##
## Cache variables. ##
## ---------------- ##

ac_cv_build=x86_64-unknown-linux-gnu
ac_cv_c_compiler_gnu=yes
ac_cv_c_inline=inline
ac_cv_c_int64_t=yes
ac_cv_c_uint16_t=yes
ac_cv_c_uint32_t=yes
ac_cv_c_uint8_t=yes
ac_cv_cxx_compiler_gnu=yes
ac_cv_env_CCC_set=
ac_cv_env_CCC_value=
ac_cv_env_CC_set=
ac_cv_env_CC_value=
ac_cv_env_CFLAGS_set=
ac_cv_env_CFLAGS_value=
ac_cv_env_CPPFLAGS_set=
ac_cv_env_CPPFLAGS_value=
ac_cv_env_CPP_set=
ac_cv_env_CPP_value=
ac_cv_env_CXXCPP_set=
ac_cv_env_CXXCPP_value=
ac_cv_env_CXXFLAGS_set=
ac_cv_env_CXXFLAGS_value=
ac_cv_env_CXX_set=
ac_cv_env_CXX_value=
ac_cv_env_LDFLAGS_set=
ac_cv_env_LDFLAGS_value=
ac_cv_env_LIBS_set=
ac_cv_env_LIBS_value=
ac_cv_env_build_alias_set=
ac_cv_env_build_alias_value=
ac_cv_env_host_alias_set=
ac_cv_env_host_alias_value=
ac_cv_env_target_alias_set=
ac_cv_env_target_alias_value=
ac_cv_func_localtime_r=yes
ac_cv_func_malloc_0_nonnull=yes
ac_cv_func_memset=yes
ac_cv_func_strrchr=yes
ac_cv_header_dlfcn_h=yes
ac_cv_header_fcntl_h=yes
ac_cv_header_inttypes_h=yes
ac_cv_header_memory_h=yes
ac_cv_header_stdbool_h=yes
ac_cv_header_stdc=yes
ac_cv_header_stdint_h=yes
ac_cv_header_stdlib_h=yes
ac_cv_header_string_h=yes
ac_cv_header_strings_h=yes
ac_cv_header_sys_file_h=yes
ac_cv_header_sys_stat_h=yes
ac_cv_header_sys_types_h=yes
ac_cv_header_unistd_h=yes
ac_cv_host=x86_64-unknown-linux-gnu
ac_cv_objext=o
ac_cv_path_EGREP='/bin/grep -E'
ac_cv_path_FGREP='/bin/grep -F'
ac_cv_path_GREP=/bin/grep
ac_cv_path_SED=/bin/sed
ac_cv_path_install='/usr/bin/install -c'
ac_cv_path_mkdir=/bin/mkdir
ac_cv_prog_AWK=gawk
ac_cv_prog_CPP='gcc -E'
ac_cv_prog_CXXCPP='g++ -E'
ac_cv_prog_ac_ct_AR=ar
ac_cv_prog_ac_ct_CC=gcc
ac_cv_prog_ac_ct_CXX=g++
ac_cv_prog_ac_ct_OBJDUMP=objdump
ac_cv_prog_ac_ct_RANLIB=ranlib
ac_cv_prog_ac_ct_STRIP=strip
ac_cv_prog_cc_c89=
ac_cv_prog_cc_g=yes
ac_cv_prog_cxx_g=yes
ac_cv_prog_make_make_set=yes
ac_cv_type__Bool=yes
ac_cv_type_mode_t=yes
ac_cv_type_off_t=yes
ac_cv_type_size_t=yes
ac_cv_type_ssize_t=yes
am_cv_CC_dependencies_compiler_type=gcc3
am_cv_CXX_dependencies_compiler_type=gcc3
lt_cv_deplibs_check_method=pass_all
lt_cv_file_magic_cmd='$MAGIC_CMD'
lt_cv_file_magic_test_file=
lt_cv_ld_reload_flag=-r
lt_cv_nm_interface='BSD nm'
lt_cv_objdir=.libs
lt_cv_path_LD=/usr/bin/ld
lt_cv_path_LDCXX='/usr/bin/ld -m elf_x86_64'
lt_cv_path_NM='/usr/bin/nm -B'
lt_cv_prog_compiler_c_o=yes
lt_cv_prog_compiler_c_o_CXX=yes
lt_cv_prog_compiler_pic_works=yes
lt_cv_prog_compiler_pic_works_CXX=yes
lt_cv_prog_compiler_rtti_exceptions=no
lt_cv_prog_compiler_static_works=no
lt_cv_prog_compiler_static_works_CXX=no
lt_cv_prog_gnu_ld=yes
lt_cv_prog_gnu_ldcxx=yes
lt_cv_sys_global_symbol_pipe='sed -n -e '\''s/^.*[	 ]\([ABCDGIRSTW][ABCDGIRSTW]*\)[	 ][	 ]*\([_A-Za-z][_A-Za-z0-9]*\)$/\1 \2 \2/p'\'''
lt_cv_sys_global_symbol_to_c_name_address='sed -n -e '\''s/^: \([^ ]*\) $/  {\"\1\", (void *) 0},/p'\'' -e '\''s/^[ABCDGIRSTW]* \([^ ]*\) \([^ ]*\)$/  {"\2", (void *) \&\2},/p'\'''
lt_cv_sys_global_symbol_to_c_name_address_lib_prefix='sed -n -e '\''s/^: \([^ ]*\) $/  {\"\1\", (void *) 0},/p'\'' -e '\''s/^[ABCDGIRSTW]* \([^ ]*\) \(lib[^ ]*\)$/  {"\2", (void *) \&\2},/p'\'' -e '\''s/^[ABCDGIRSTW]* \([^ ]*\) \([^ ]*\)$/  {"lib\2", (void *) \&\2},/p'\'''
lt_cv_sys_global_symbol_to_cdecl='sed -n -e '\''s/^T .* \(.*\)$/extern int \1();/p'\'' -e '\''s/^[ABCDGIRSTW]* .* \(.*\)$/extern char \1;/p'\'''
lt_cv_sys_max_cmd_len=1966080

## ----------------- ##
## Output variables. ##
## ----------------- ##

ACLOCAL='${SHELL} /app/hbhome/OFCS_HOME/billing/study_bill/app/qconf_base/missing --run aclocal-1.11'
AMDEPBACKSLASH='\'
AMDEP_FALSE='#'
AMDEP_TRUE=''
AMTAR='${SHELL} /app/hbhome/OFCS_HOME/billing/study_bill/app/qconf_base/missing --run tar'
AR='ar'
AUTOCONF='${SHELL} /app/hbhome/OFCS_HOME/billing/study_bill/app/qconf_base/missing --run autoconf'
AUTOHEADER='${SHELL} /app/hbhome/OFCS_HOME/billing/study_bill/app/qconf_base/missing --run autoheader'
AUTOMAKE='${SHELL} /app/hbhome/OFCS_HOME/billing/study_bill/app/qconf_base/missing --run automake-1.11'
AWK='gawk'
CC='gcc'
CCDEPMODE='depmode=gcc3'
CFLAGS='-g -O2'
CPP='gcc -E'
CPPFLAGS=''
CXX='g++'
CXXCPP='g++ -E'
CXXDEPMODE='depmode=gcc3'
CXXFLAGS='-g -O2'
CYGPATH_W='echo'
DEFS='-DHAVE_CONFIG_H'
DEPDIR='.deps'
DSYMUTIL=''
DUMPBIN=''
ECHO_C=''
ECHO_N='-n'
ECHO_T=''
EGREP='/bin/grep -E'
EXEEXT=''
FGREP='/bin/grep -F'
GREP='/bin/grep'
INSTALL_DATA='${INSTALL} -m 644'
INSTALL_PROGRAM='${INSTALL}'
INSTALL_SCRIPT='${INSTALL}'
INSTALL_STRIP_PROGRAM='$(install_sh) -c -s'
LD='/usr/bin/ld -m elf_x86_64'
LDFLAGS=''
LIBOBJS=''
LIBS=''
LIBTOOL='$(SHELL) $(top_builddir)/libtool'
LIPO=''
LN_S='ln -s'
LTLIBOBJS=''
MAKEINFO='${SHELL} /app/hbhome/OFCS_HOME/billing/study_bill/app/qconf_base/missing --run makeinfo'
MKDIR_P='/bin/mkdir -p'
NM='/usr/bin/nm -B'
NMEDIT=''
OBJDUMP='objdump'
OBJEXT='o'
OTOOL64=''
OTOOL=''
PACKAGE='HLA'
PACKAGE_BUGREPORT='customer-service@asiainfo.com'
PACKAGE_NAME='HLA'
PACKAGE_STRING='HLA 3.5'
PACKAGE_TARNAME='hla'
PACKAGE_VERSION='3.5'
PATH_SEPARATOR=':'
RANLIB='ranlib'
SED='/bin/sed'
SET_MAKE=''
SHELL='/bin/sh'
STRIP='strip'
VERSION='3.5'
ac_ct_CC='gcc'
ac_ct_CXX='g++'
ac_ct_DUMPBIN=''
am__EXEEXT_FALSE=''
am__EXEEXT_TRUE='#'
am__fastdepCC_FALSE='#'
am__fastdepCC_TRUE=''
am__fastdepCXX_FALSE='#'
am__fastdepCXX_TRUE=''
am__include='include'
am__isrc=''
am__leading_dot='.'
am__quote=''
am__tar='${AMTAR} chof - "$$tardir"'
am__untar='${AMTAR} xf -'
bindir='${exec_prefix}/bin'
build='x86_64-unknown-linux-gnu'
build_alias=''
build_cpu='x86_64'
build_os='linux-gnu'
build_vendor='unknown'
datadir='${datarootdir}'
datarootdir='${prefix}/share'
docdir='${datarootdir}/doc/${PACKAGE_TARNAME}'
dvidir='${docdir}'
exec_prefix='${prefix}'
host='x86_64-unknown-linux-gnu'
host_alias=''
host_cpu='x86_64'
host_os='linux-gnu'
host_vendor='unknown'
htmldir='${docdir}'
includedir='${prefix}/include'
infodir='${datarootdir}/info'
install_sh='${SHELL} /app/hbhome/OFCS_HOME/billing/study_bill/app/qconf_base/install-sh'
libdir='${exec_prefix}/lib'
libexecdir='${exec_prefix}/libexec'
localedir='${datarootdir}/locale'
localstatedir='${prefix}/var'
lt_ECHO='echo'
mandir='${datarootdir}/man'
mkdir_p='/bin/mkdir -p'
oldincludedir='/usr/include'
pdfdir='${docdir}'
prefix='/usr/local'
program_transform_name='s,x,x,'
psdir='${docdir}'
sbindir='${exec_prefix}/sbin'
sharedstatedir='${prefix}/com'
sysconfdir='${prefix}/etc'
target_alias=''

## ----------- ##
## confdefs.h. ##
## ----------- ##

#define PACKAGE_NAME "HLA"
#define PACKAGE_TARNAME "hla"
#define PACKAGE_VERSION "3.5"
#define PACKAGE_STRING "HLA 3.5"
#define PACKAGE_BUGREPORT "customer-service@asiainfo.com"
#define PACKAGE "HLA"
#define VERSION "3.5"
#define STDC_HEADERS 1
#define HAVE_SYS_TYPES_H 1
#define HAVE_SYS_STAT_H 1
#define HAVE_STDLIB_H 1
#define HAVE_STRING_H 1
#define HAVE_MEMORY_H 1
#define HAVE_STRINGS_H 1
#define HAVE_INTTYPES_H 1
#define HAVE_STDINT_H 1
#define HAVE_UNISTD_H 1
#define HAVE_DLFCN_H 1
#define LT_OBJDIR ".libs/"
#define HAVE_FCNTL_H 1
#define HAVE_INTTYPES_H 1
#define HAVE_STDINT_H 1
#define HAVE_STDLIB_H 1
#define HAVE_STRING_H 1
#define HAVE_SYS_FILE_H 1
#define HAVE_UNISTD_H 1
#define HAVE__BOOL 1
#define HAVE_STDBOOL_H 1
#define HAVE_STDLIB_H 1
#define HAVE_MALLOC 1
#define HAVE_LOCALTIME_R 1
#define HAVE_MEMSET 1
#define HAVE_STRRCHR 1

configure: exit 0

## ---------------------- ##
## Running config.status. ##
## ---------------------- ##

This file was extended by HLA config.status 3.5, which was
generated by GNU Autoconf 2.63.  Invocation command line was

  CONFIG_FILES    = 
  CONFIG_HEADERS  = 
  CONFIG_LINKS    = 
  CONFIG_COMMANDS = 
  $ ./config.status src/Makefile depfiles

on log-bd-t1

config.status:1060: creating src/Makefile
config.status:1334: executing depfiles commands

## ---------------------- ##
## Running config.status. ##
## ---------------------- ##

This file was extended by HLA config.status 3.5, which was
generated by GNU Autoconf 2.63.  Invocation command line was

  CONFIG_FILES    = 
  CONFIG_HEADERS  = 
  CONFIG_LINKS    = 
  CONFIG_COMMANDS = 
  $ ./config.status src/Makefile depfiles

on log-bd-t1

config.status:1060: creating src/Makefile
config.status:1334: executing depfiles commands

## ---------------------- ##
## Running config.status. ##
## ---------------------- ##

This file was extended by HLA config.status 3.5, which was
generated by GNU Autoconf 2.63.  Invocation command line was

  CONFIG_FILES    = 
  CONFIG_HEADERS  = 
  CONFIG_LINKS    = 
  CONFIG_COMMANDS = 
  $ ./config.status src/Makefile depfiles

on log-bd-t1

config.status:1060: creating src/Makefile
config.status:1334: executing depfiles commands
